<?xml version="1.0" encoding="UTF-8"?>
<!-- Generated by org.testng.reporters.JUnitXMLReporter -->
<testsuite ignored="0" hostname="ip-172-31-46-88" failures="0" tests="3" name="Default test" time="0.044" errors="0" timestamp="2026-01-25T09:26:04 UTC">
  <testcase classname="TestNg_experiment.open_app" name="openapp" time="0.007"/>
  <testcase classname="TestNg_experiment.open_app" name="login" time="0.002"/>
  <testcase classname="TestNg_experiment.open_app" name="logout" time="0.002"/>
</testsuite> <!-- Default test -->
