<?xml version="1.0" encoding="UTF-8"?>
<!-- Generated by org.testng.reporters.JUnitXMLReporter -->
<testsuite ignored="0" hostname="ip-172-31-46-88" failures="0" tests="3" name="Test1" time="0.046" errors="0" timestamp="2026-01-21T05:05:24 UTC">
  <testcase classname="Parallel_Testing.Parallel_2" name="f3" time="0.007"/>
  <testcase classname="Parallel_Testing.Parallel_2" name="f1" time="0.007"/>
  <testcase classname="Parallel_Testing.Parallel_2" name="f2" time="0.008"/>
</testsuite> <!-- Test1 -->
