<?xml version="1.0" encoding="UTF-8"?>
<!-- Generated by org.testng.reporters.JUnitReportReporter -->
<testsuite hostname="ip-172-31-46-88" failures="0" tests="2" name="Testng_basics.first_code_testng" time="0.004" errors="0" timestamp="2026-01-20T09:33:47 UTC" skipped="0">
  <testcase classname="Testng_basics.first_code_testng" name="display" time="0.002"/>
  <testcase classname="Testng_basics.first_code_testng" name="display" time="0.002"/>
</testsuite> <!-- Testng_basics.first_code_testng -->
