<?xml version="1.0" encoding="UTF-8"?>
<!-- Generated by org.testng.reporters.JUnitReportReporter -->
<testsuite hostname="ip-172-31-46-88" failures="0" tests="4" name="Testng_basics.Testing_TestNG" time="0.016" errors="0" timestamp="2026-01-21T04:33:20 UTC" skipped="0">
  <testcase classname="Testng_basics.Testing_TestNG" name="f1" time="0.010"/>
  <testcase classname="Testng_basics.Testing_TestNG" name="f" time="0.002"/>
  <testcase classname="Testng_basics.Testing_TestNG" name="f2" time="0.003"/>
  <testcase classname="Testng_basics.Testing_TestNG" name="f3" time="0.001"/>
</testsuite> <!-- Testng_basics.Testing_TestNG -->
