<?xml version="1.0" encoding="UTF-8"?>
<!-- Generated by org.testng.reporters.JUnitReportReporter -->
<testsuite hostname="ip-172-31-46-88" failures="0" tests="3" name="Parallel_Testing.parallel_1" time="0.018" errors="0" timestamp="2026-01-25T10:02:37 UTC" skipped="0">
  <testcase classname="Parallel_Testing.parallel_1" name="f1" time="0.013"/>
  <testcase classname="Parallel_Testing.parallel_1" name="f2" time="0.004"/>
  <testcase classname="Parallel_Testing.parallel_1" name="f3" time="0.001"/>
</testsuite> <!-- Parallel_Testing.parallel_1 -->
